1 21 0
3 21 17 1 2
3 21 19 5 2
3 21 25 10 2
5 21 17 18 19 5 4
5 21 19 18 17 1 4
5 21 23 24 25 10 4
3 21 23 6 5
5 21 19 22 25 10 6
5 21 23 20 17 1 6
5 21 25 22 19 5 6
7 21 17 1 2 3 4 5 6
7 21 17 1 11 12 13 6 6
7 21 19 5 4 3 2 1 6
7 21 19 5 14 15 16 10 6
7 21 25 10 9 8 7 6 6
7 21 25 10 16 15 14 5 6
5 21 25 24 23 6 7
7 21 17 18 19 22 25 10 8
7 21 17 20 23 24 25 10 8
7 21 23 20 17 18 19 5 8
7 21 23 24 25 22 19 5 8
7 21 25 22 19 18 17 1 8
7 21 25 24 23 20 17 1 8
9 21 17 18 19 5 4 3 2 1 8
9 21 17 18 19 5 14 15 16 10 8
9 21 19 18 17 1 2 3 4 5 8
9 21 19 18 17 1 11 12 13 6 8
9 21 23 24 25 10 9 8 7 6 8
9 21 23 24 25 10 16 15 14 5 8
5 21 17 20 23 6 8
7 21 23 6 7 8 9 10 9
7 21 23 6 13 12 11 1 9
9 21 19 18 17 20 23 24 25 10 10
9 21 19 22 25 10 9 8 7 6 10
9 21 19 22 25 10 16 15 14 5 10
9 21 23 20 17 1 2 3 4 5 10
9 21 23 20 17 1 11 12 13 6 10
9 21 23 24 25 22 19 18 17 1 10
9 21 25 22 19 5 4 3 2 1 10
9 21 25 22 19 5 14 15 16 10 10
9 21 25 24 23 20 17 18 19 5 10
11 21 17 1 2 3 4 5 14 15 16 10 10
11 21 17 1 11 12 13 6 7 8 9 10 10
11 21 19 5 4 3 2 1 11 12 13 6 10
11 21 19 5 14 15 16 10 9 8 7 6 10
11 21 25 10 9 8 7 6 13 12 11 1 10
11 21 25 10 16 15 14 5 4 3 2 1 10
7 21 19 22 25 24 23 6 10
7 21 19 18 17 20 23 6 10
9 21 17 20 23 24 25 22 19 5 11
9 21 19 22 25 24 23 20 17 1 11
9 21 23 20 17 18 19 22 25 10 11
11 21 25 10 16 15 14 5 19 18 17 1 11
9 21 25 24 23 6 7 8 9 10 11
9 21 25 24 23 6 13 12 11 1 11
11 21 17 18 19 22 25 10 9 8 7 6 12
11 21 17 18 19 22 25 10 16 15 14 5 12
11 21 17 20 23 24 25 10 9 8 7 6 12
11 21 17 20 23 24 25 10 16 15 14 5 12
11 21 23 20 17 18 19 5 4 3 2 1 12
11 21 23 20 17 18 19 5 14 15 16 10 12
11 21 23 24 25 22 19 5 4 3 2 1 12
11 21 23 24 25 22 19 5 14 15 16 10 12
11 21 25 22 19 18 17 1 2 3 4 5 12
11 21 25 22 19 18 17 1 11 12 13 6 12
11 21 25 24 23 20 17 1 2 3 4 5 12
11 21 25 24 23 20 17 1 11 12 13 6 12
13 21 17 18 19 5 4 3 2 1 11 12 13 6 12
13 21 17 18 19 5 14 15 16 10 9 8 7 6 12
13 21 19 18 17 1 2 3 4 5 14 15 16 10 12
13 21 19 18 17 1 11 12 13 6 7 8 9 10 12
13 21 23 24 25 10 9 8 7 6 13 12 11 1 12
13 21 23 24 25 10 16 15 14 5 4 3 2 1 12
11 21 17 1 2 3 4 5 19 22 25 10 12
9 21 17 18 19 22 25 24 23 6 12
9 21 17 20 23 6 7 8 9 10 12
9 21 17 20 23 6 13 12 11 1 12
13 21 23 24 25 10 16 15 14 5 19 18 17 1 13
11 21 23 6 7 8 9 10 16 15 14 5 13
11 21 23 6 13 12 11 1 2 3 4 5 13
13 21 19 18 17 20 23 24 25 10 9 8 7 6 14
13 21 19 18 17 20 23 24 25 10 16 15 14 5 14
13 21 19 22 25 10 9 8 7 6 13 12 11 1 14
13 21 19 22 25 10 16 15 14 5 4 3 2 1 14
13 21 23 20 17 1 2 3 4 5 14 15 16 10 14
13 21 23 20 17 1 11 12 13 6 7 8 9 10 14
13 21 23 24 25 22 19 18 17 1 2 3 4 5 14
13 21 23 24 25 22 19 18 17 1 11 12 13 6 14
13 21 25 22 19 5 4 3 2 1 11 12 13 6 14
13 21 25 22 19 5 14 15 16 10 9 8 7 6 14
13 21 25 24 23 20 17 18 19 5 4 3 2 1 14
13 21 25 24 23 20 17 18 19 5 14 15 16 10 14
9 21 25 22 19 18 17 20 23 6 14
11 21 17 1 11 12 13 6 23 24 25 10 14
11 21 19 5 14 15 16 10 25 24 23 6 14
11 21 23 6 13 12 11 1 17 18 19 5 14
15 21 17 1 2 3 4 5 14 15 16 10 9 8 7 6 14
15 21 17 1 11 12 13 6 7 8 9 10 16 15 14 5 14
15 21 19 5 4 3 2 1 11 12 13 6 7 8 9 10 14
15 21 19 5 14 15 16 10 9 8 7 6 13 12 11 1 14
15 21 25 10 9 8 7 6 13 12 11 1 2 3 4 5 14
15 21 25 10 16 15 14 5 4 3 2 1 11 12 13 6 14
13 21 19 5 4 3 2 1 17 20 23 24 25 10 14
13 21 19 5 14 15 16 10 25 24 23 20 17 1 14
11 21 19 22 25 24 23 6 7 8 9 10 14
11 21 19 22 25 24 23 6 13 12 11 1 14
11 21 19 18 17 20 23 6 7 8 9 10 14
11 21 19 18 17 20 23 6 13 12 11 1 14
13 21 17 20 23 24 25 22 19 5 4 3 2 1 15
13 21 17 20 23 24 25 22 19 5 14 15 16 10 15
13 21 19 22 25 24 23 20 17 1 2 3 4 5 15
13 21 19 22 25 24 23 20 17 1 11 12 13 6 15
13 21 23 20 17 18 19 22 25 10 9 8 7 6 15
13 21 23 20 17 18 19 22 25 10 16 15 14 5 15
15 21 25 10 9 8 7 6 13 12 11 1 17 18 19 5 15
15 21 25 10 16 15 14 5 19 18 17 1 11 12 13 6 15
13 21 25 24 23 6 7 8 9 10 16 15 14 5 15
13 21 25 24 23 6 13 12 11 1 2 3 4 5 15
11 21 19 5 4 3 2 1 17 20 23 6 15
11 21 23 6 7 8 9 10 25 22 19 5 15
11 21 25 10 9 8 7 6 23 20 17 1 15
15 21 17 18 19 22 25 10 9 8 7 6 13 12 11 1 16
15 21 17 18 19 22 25 10 16 15 14 5 4 3 2 1 16
15 21 17 20 23 24 25 10 9 8 7 6 13 12 11 1 16
15 21 17 20 23 24 25 10 16 15 14 5 4 3 2 1 16
15 21 23 20 17 18 19 5 4 3 2 1 11 12 13 6 16
15 21 23 20 17 18 19 5 14 15 16 10 9 8 7 6 16
15 21 23 24 25 22 19 5 4 3 2 1 11 12 13 6 16
15 21 23 24 25 22 19 5 14 15 16 10 9 8 7 6 16
15 21 25 22 19 18 17 1 2 3 4 5 14 15 16 10 16
15 21 25 22 19 18 17 1 11 12 13 6 7 8 9 10 16
15 21 25 24 23 20 17 1 2 3 4 5 14 15 16 10 16
15 21 25 24 23 20 17 1 11 12 13 6 7 8 9 10 16
13 21 23 20 17 1 2 3 4 5 19 22 25 10 16
13 21 17 18 19 5 14 15 16 10 25 24 23 6 16
13 21 19 18 17 1 11 12 13 6 23 24 25 10 16
13 21 25 24 23 6 13 12 11 1 17 18 19 5 16
17 21 17 18 19 5 4 3 2 1 11 12 13 6 7 8 9 10 16
17 21 17 18 19 5 14 15 16 10 9 8 7 6 13 12 11 1 16
17 21 19 18 17 1 2 3 4 5 14 15 16 10 9 8 7 6 16
17 21 19 18 17 1 11 12 13 6 7 8 9 10 16 15 14 5 16
17 21 23 24 25 10 9 8 7 6 13 12 11 1 2 3 4 5 16
17 21 23 24 25 10 16 15 14 5 4 3 2 1 11 12 13 6 16
15 21 17 1 2 3 4 5 19 22 25 10 9 8 7 6 16
15 21 17 1 11 12 13 6 7 8 9 10 25 22 19 5 16
13 21 17 18 19 22 25 24 23 6 7 8 9 10 16
13 21 17 18 19 22 25 24 23 6 13 12 11 1 16
13 21 17 20 23 6 7 8 9 10 16 15 14 5 16
13 21 17 20 23 6 13 12 11 1 2 3 4 5 16
17 21 23 24 25 10 16 15 14 5 19 18 17 1 11 12 13 6 17
17 21 23 24 25 10 9 8 7 6 13 12 11 1 17 18 19 5 17
15 21 23 6 7 8 9 10 16 15 14 5 4 3 2 1 17
15 21 23 6 13 12 11 1 2 3 4 5 14 15 16 10 17
13 21 17 1 2 3 4 5 19 22 25 24 23 6 17
13 21 25 10 16 15 14 5 19 18 17 20 23 6 17
13 21 17 1 11 12 13 6 23 24 25 22 19 5 17
13 21 23 6 7 8 9 10 25 22 19 18 17 1 17
13 21 23 6 13 12 11 1 17 18 19 22 25 10 17
13 21 25 10 9 8 7 6 23 20 17 18 19 5 17
17 21 19 18 17 20 23 24 25 10 9 8 7 6 13 12 11 1 18
17 21 19 18 17 20 23 24 25 10 16 15 14 5 4 3 2 1 18
17 21 19 22 25 10 9 8 7 6 13 12 11 1 2 3 4 5 18
17 21 19 22 25 10 16 15 14 5 4 3 2 1 11 12 13 6 18
17 21 23 20 17 1 2 3 4 5 14 15 16 10 9 8 7 6 18
17 21 23 20 17 1 11 12 13 6 7 8 9 10 16 15 14 5 18
17 21 23 24 25 22 19 18 17 1 2 3 4 5 14 15 16 10 18
17 21 23 24 25 22 19 18 17 1 11 12 13 6 7 8 9 10 18
17 21 25 22 19 5 4 3 2 1 11 12 13 6 7 8 9 10 18
17 21 25 22 19 5 14 15 16 10 9 8 7 6 13 12 11 1 18
17 21 25 24 23 20 17 18 19 5 4 3 2 1 11 12 13 6 18
17 21 25 24 23 20 17 18 19 5 14 15 16 10 9 8 7 6 18
13 21 25 22 19 18 17 20 23 6 7 8 9 10 18
13 21 25 22 19 18 17 20 23 6 13 12 11 1 18
15 21 17 1 2 3 4 5 14 15 16 10 25 24 23 6 18
15 21 17 1 11 12 13 6 23 24 25 10 16 15 14 5 18
15 21 19 5 4 3 2 1 11 12 13 6 23 24 25 10 18
15 21 19 5 14 15 16 10 25 24 23 6 13 12 11 1 18
15 21 23 6 7 8 9 10 16 15 14 5 19 18 17 1 18
15 21 23 6 13 12 11 1 17 18 19 5 14 15 16 10 18
17 21 19 5 4 3 2 1 17 20 23 24 25 10 9 8 7 6 18
17 21 19 5 14 15 16 10 25 24 23 20 17 1 11 12 13 6 18
15 21 19 18 17 20 23 6 7 8 9 10 16 15 14 5 18
15 21 19 18 17 20 23 6 13 12 11 1 2 3 4 5 18
15 21 19 22 25 24 23 6 7 8 9 10 16 15 14 5 18
15 21 19 22 25 24 23 6 13 12 11 1 2 3 4 5 18
13 21 17 20 23 6 7 8 9 10 25 22 19 5 18
13 21 19 22 25 10 9 8 7 6 23 20 17 1 18
13 21 25 22 19 5 4 3 2 1 17 20 23 6 18
17 21 17 20 23 24 25 22 19 5 4 3 2 1 11 12 13 6 19
17 21 17 20 23 24 25 22 19 5 14 15 16 10 9 8 7 6 19
17 21 19 22 25 24 23 20 17 1 2 3 4 5 14 15 16 10 19
17 21 19 22 25 24 23 20 17 1 11 12 13 6 7 8 9 10 19
17 21 23 20 17 18 19 22 25 10 9 8 7 6 13 12 11 1 19
17 21 23 20 17 18 19 22 25 10 16 15 14 5 4 3 2 1 19
17 21 25 24 23 6 7 8 9 10 16 15 14 5 4 3 2 1 19
17 21 25 24 23 6 13 12 11 1 2 3 4 5 14 15 16 10 19
15 21 19 5 4 3 2 1 17 20 23 6 7 8 9 10 19
15 21 23 6 7 8 9 10 25 22 19 5 4 3 2 1 19
15 21 25 10 9 8 7 6 23 20 17 1 2 3 4 5 19
15 21 25 10 16 15 14 5 4 3 2 1 17 20 23 6 19
15 21 19 5 14 15 16 10 9 8 7 6 23 20 17 1 19
15 21 23 6 13 12 11 1 2 3 4 5 19 22 25 10 19
19 21 17 18 19 22 25 10 9 8 7 6 13 12 11 1 2 3 4 5 20
19 21 17 18 19 22 25 10 16 15 14 5 4 3 2 1 11 12 13 6 20
19 21 17 20 23 24 25 10 9 8 7 6 13 12 11 1 2 3 4 5 20
19 21 17 20 23 24 25 10 16 15 14 5 4 3 2 1 11 12 13 6 20
19 21 23 20 17 18 19 5 4 3 2 1 11 12 13 6 7 8 9 10 20
19 21 23 20 17 18 19 5 14 15 16 10 9 8 7 6 13 12 11 1 20
19 21 23 24 25 22 19 5 4 3 2 1 11 12 13 6 7 8 9 10 20
19 21 23 24 25 22 19 5 14 15 16 10 9 8 7 6 13 12 11 1 20
19 21 25 22 19 18 17 1 2 3 4 5 14 15 16 10 9 8 7 6 20
19 21 25 22 19 18 17 1 11 12 13 6 7 8 9 10 16 15 14 5 20
19 21 25 24 23 20 17 1 2 3 4 5 14 15 16 10 9 8 7 6 20
19 21 25 24 23 20 17 1 11 12 13 6 7 8 9 10 16 15 14 5 20
17 21 23 20 17 1 2 3 4 5 19 22 25 10 9 8 7 6 20
17 21 23 20 17 1 11 12 13 6 7 8 9 10 25 22 19 5 20
17 21 17 18 19 5 4 3 2 1 11 12 13 6 23 24 25 10 20
17 21 17 18 19 5 14 15 16 10 25 24 23 6 13 12 11 1 20
17 21 19 18 17 1 11 12 13 6 23 24 25 10 16 15 14 5 20
17 21 25 24 23 6 7 8 9 10 16 15 14 5 19 18 17 1 20
17 21 25 24 23 6 13 12 11 1 17 18 19 5 14 15 16 10 20
17 21 19 18 17 1 2 3 4 5 14 15 16 10 25 24 23 6 20
17 21 17 18 19 22 25 24 23 6 7 8 9 10 16 15 14 5 20
17 21 17 18 19 22 25 24 23 6 13 12 11 1 2 3 4 5 20
17 21 17 20 23 6 7 8 9 10 16 15 14 5 4 3 2 1 20
17 21 17 20 23 6 13 12 11 1 2 3 4 5 14 15 16 10 20
17 21 17 1 2 3 4 5 19 22 25 24 23 6 7 8 9 10 21
17 21 25 10 16 15 14 5 19 18 17 20 23 6 13 12 11 1 21
17 21 17 1 11 12 13 6 23 24 25 22 19 5 14 15 16 10 21
17 21 23 6 7 8 9 10 25 22 19 18 17 1 2 3 4 5 21
17 21 23 6 13 12 11 1 17 18 19 22 25 10 16 15 14 5 21
17 21 25 10 9 8 7 6 23 20 17 18 19 5 4 3 2 1 21
21 21 19 18 17 20 23 24 25 10 9 8 7 6 13 12 11 1 2 3 4 5 22
21 21 19 18 17 20 23 24 25 10 16 15 14 5 4 3 2 1 11 12 13 6 22
21 21 23 24 25 22 19 18 17 1 2 3 4 5 14 15 16 10 9 8 7 6 22
21 21 23 24 25 22 19 18 17 1 11 12 13 6 7 8 9 10 16 15 14 5 22
21 21 25 24 23 20 17 18 19 5 4 3 2 1 11 12 13 6 7 8 9 10 22
21 21 25 24 23 20 17 18 19 5 14 15 16 10 9 8 7 6 13 12 11 1 22
17 21 25 22 19 18 17 20 23 6 7 8 9 10 16 15 14 5 22
17 21 25 22 19 18 17 20 23 6 13 12 11 1 2 3 4 5 22
19 21 19 18 17 20 23 6 7 8 9 10 16 15 14 5 4 3 2 1 22
19 21 19 18 17 20 23 6 13 12 11 1 2 3 4 5 14 15 16 10 22
19 21 19 22 25 24 23 6 7 8 9 10 16 15 14 5 4 3 2 1 22
19 21 19 22 25 24 23 6 13 12 11 1 2 3 4 5 14 15 16 10 22
17 21 17 20 23 6 7 8 9 10 25 22 19 5 4 3 2 1 22
17 21 17 20 23 6 13 12 11 1 2 3 4 5 19 22 25 10 22
17 21 19 22 25 10 9 8 7 6 23 20 17 1 2 3 4 5 22
17 21 19 22 25 10 16 15 14 5 4 3 2 1 17 20 23 6 22
17 21 25 22 19 5 4 3 2 1 17 20 23 6 7 8 9 10 22
17 21 25 22 19 5 14 15 16 10 9 8 7 6 23 20 17 1 22
21 21 17 20 23 24 25 22 19 5 4 3 2 1 11 12 13 6 7 8 9 10 23
21 21 17 20 23 24 25 22 19 5 14 15 16 10 9 8 7 6 13 12 11 1 23
21 21 19 22 25 24 23 20 17 1 2 3 4 5 14 15 16 10 9 8 7 6 23
21 21 19 22 25 24 23 20 17 1 11 12 13 6 7 8 9 10 16 15 14 5 23
21 21 23 20 17 18 19 22 25 10 9 8 7 6 13 12 11 1 2 3 4 5 23
21 21 23 20 17 18 19 22 25 10 16 15 14 5 4 3 2 1 11 12 13 6 23
21 21 17 18 19 22 25 24 23 6 7 8 9 10 16 15 14 5 4 3 2 1 24
21 21 17 18 19 22 25 24 23 6 13 12 11 1 2 3 4 5 14 15 16 10 24
21 21 25 22 19 18 17 20 23 6 7 8 9 10 16 15 14 5 4 3 2 1 26
21 21 25 22 19 18 17 20 23 6 13 12 11 1 2 3 4 5 14 15 16 10 26
